<?xml version="1.0" encoding="UTF-8"?>
<testng-results skipped="0" failed="2" ignored="0" total="3" passed="1">
  <reporter-output>
    <line>
      <![CDATA[chrome is launched]]>
    </line>
    <line>
      <![CDATA[https://couponplus.io/url navigated]]>
    </line>
    <line>
      <![CDATA[BfrPurStr script is passed:)]]>
    </line>
    <line>
      <![CDATA[Customer script is failed:(]]>
    </line>
    <line>
      <![CDATA[Screenshot has been taken]]>
    </line>
    <line>
      <![CDATA[AftrPurStr script is failed:(]]>
    </line>
  </reporter-output>
  <suite name="Suite" duration-ms="175995" started-at="2020-02-29T09:30:23 IST" finished-at="2020-02-29T09:33:19 IST">
    <groups>
    </groups>
    <test name="Test" duration-ms="175995" started-at="2020-02-29T09:30:23 IST" finished-at="2020-02-29T09:33:19 IST">
      <class name="io.couponplus.scripts.testScript">
        <test-method status="PASS" signature="stUp(java.lang.String, java.lang.String)[pri:0, instance:io.couponplus.scripts.testScript@67205a84]" name="stUp" is-config="true" duration-ms="63271" started-at="2020-02-29T09:30:23 IST" finished-at="2020-02-29T09:31:26 IST">
          <params>
            <param index="0">
              <value>
                <![CDATA[chrome]]>
              </value>
            </param>
            <param index="1">
              <value>
                <![CDATA[https://couponplus.io/]]>
              </value>
            </param>
          </params>
          <reporter-output>
            <line>
              <![CDATA[chrome is launched]]>
            </line>
            <line>
              <![CDATA[https://couponplus.io/url navigated]]>
            </line>
          </reporter-output>
        </test-method> <!-- stUp -->
        <test-method status="PASS" signature="BfrPurStr(java.lang.String, java.lang.String)[pri:1, instance:io.couponplus.scripts.testScript@67205a84]" name="BfrPurStr" duration-ms="49496" started-at="2020-02-29T09:31:26 IST" description="login with valid credentials in Store" finished-at="2020-02-29T09:32:16 IST">
          <params>
            <param index="0">
              <value>
                <![CDATA[bcltest780+10@gmail.com]]>
              </value>
            </param>
            <param index="1">
              <value>
                <![CDATA[Dhanesh@123]]>
              </value>
            </param>
          </params>
          <reporter-output>
          </reporter-output>
        </test-method> <!-- BfrPurStr -->
        <test-method status="PASS" signature="postConditions(org.testng.ITestResult)[pri:0, instance:io.couponplus.scripts.testScript@67205a84]" name="postConditions" is-config="true" duration-ms="4" started-at="2020-02-29T09:32:16 IST" finished-at="2020-02-29T09:32:16 IST">
          <params>
            <param index="0">
              <value>
                <![CDATA[[TestResult name=BfrPurStr status=SUCCESS method=testScript.BfrPurStr(java.lang.String, java.lang.String)[pri:1, instance:io.couponplus.scripts.testScript@67205a84] output={null}]]]>
              </value>
            </param>
          </params>
          <reporter-output>
            <line>
              <![CDATA[BfrPurStr script is passed:)]]>
            </line>
          </reporter-output>
        </test-method> <!-- postConditions -->
        <test-method status="FAIL" signature="Customer(java.lang.String, java.lang.String, java.lang.String)[pri:2, instance:io.couponplus.scripts.testScript@67205a84]" name="Customer" duration-ms="53818" started-at="2020-02-29T09:32:16 IST" description="Search Product" finished-at="2020-02-29T09:33:10 IST">
          <params>
            <param index="0">
              <value>
                <![CDATA[bcltest780+4@gmail.com]]>
              </value>
            </param>
            <param index="1">
              <value>
                <![CDATA[Dhanesh@123]]>
              </value>
            </param>
            <param index="2">
              <value>
                <![CDATA[pepsi]]>
              </value>
            </param>
          </params>
          <exception class="java.lang.NullPointerException">
            <full-stacktrace>
              <![CDATA[java.lang.NullPointerException
at io.couponplus.pageobjects.CustBasePage.navigateToCustPage(CustBasePage.java:63)
at io.couponplus.scripts.testScript.Customer(testScript.java:38)
at sun.reflect.NativeMethodAccessorImpl.invoke0(Native Method)
at sun.reflect.NativeMethodAccessorImpl.invoke(NativeMethodAccessorImpl.java:62)
at sun.reflect.DelegatingMethodAccessorImpl.invoke(DelegatingMethodAccessorImpl.java:43)
at java.lang.reflect.Method.invoke(Method.java:498)
at org.testng.internal.MethodInvocationHelper.invokeMethod(MethodInvocationHelper.java:133)
at org.testng.internal.TestInvoker.invokeMethod(TestInvoker.java:584)
at org.testng.internal.TestInvoker.invokeTestMethod(TestInvoker.java:172)
at org.testng.internal.MethodRunner.runInSequence(MethodRunner.java:46)
at org.testng.internal.TestInvoker$MethodInvocationAgent.invoke(TestInvoker.java:804)
at org.testng.internal.TestInvoker.invokeTestMethods(TestInvoker.java:145)
at org.testng.internal.TestMethodWorker.invokeTestMethods(TestMethodWorker.java:146)
at org.testng.internal.TestMethodWorker.run(TestMethodWorker.java:128)
at java.util.ArrayList.forEach(ArrayList.java:1257)
at org.testng.TestRunner.privateRun(TestRunner.java:770)
at org.testng.TestRunner.run(TestRunner.java:591)
at org.testng.SuiteRunner.runTest(SuiteRunner.java:402)
at org.testng.SuiteRunner.runSequentially(SuiteRunner.java:396)
at org.testng.SuiteRunner.privateRun(SuiteRunner.java:355)
at org.testng.SuiteRunner.run(SuiteRunner.java:304)
at org.testng.SuiteRunnerWorker.runSuite(SuiteRunnerWorker.java:53)
at org.testng.SuiteRunnerWorker.run(SuiteRunnerWorker.java:96)
at org.testng.TestNG.runSuitesSequentially(TestNG.java:1180)
at org.testng.TestNG.runSuitesLocally(TestNG.java:1102)
at org.testng.TestNG.runSuites(TestNG.java:1032)
at org.testng.TestNG.run(TestNG.java:1000)
at org.testng.remote.AbstractRemoteTestNG.run(AbstractRemoteTestNG.java:115)
at org.testng.remote.RemoteTestNG.initAndRun(RemoteTestNG.java:251)
at org.testng.remote.RemoteTestNG.main(RemoteTestNG.java:77)
]]>
            </full-stacktrace>
          </exception> <!-- java.lang.NullPointerException -->
          <reporter-output>
          </reporter-output>
        </test-method> <!-- Customer -->
        <test-method status="PASS" signature="postConditions(org.testng.ITestResult)[pri:0, instance:io.couponplus.scripts.testScript@67205a84]" name="postConditions" is-config="true" duration-ms="1053" started-at="2020-02-29T09:33:10 IST" finished-at="2020-02-29T09:33:11 IST">
          <params>
            <param index="0">
              <value>
                <![CDATA[[TestResult name=Customer status=FAILURE method=testScript.Customer(java.lang.String, java.lang.String, java.lang.String)[pri:2, instance:io.couponplus.scripts.testScript@67205a84] output={null}]]]>
              </value>
            </param>
          </params>
          <reporter-output>
            <line>
              <![CDATA[Customer script is failed:(]]>
            </line>
            <line>
              <![CDATA[Screenshot has been taken]]>
            </line>
          </reporter-output>
        </test-method> <!-- postConditions -->
        <test-method status="FAIL" signature="AftrPurStr(java.lang.String, java.lang.String)[pri:3, instance:io.couponplus.scripts.testScript@67205a84]" name="AftrPurStr" duration-ms="8038" started-at="2020-02-29T09:33:11 IST" description="login with valid credentials in Store" finished-at="2020-02-29T09:33:19 IST">
          <params>
            <param index="0">
              <value>
                <![CDATA[bcltest780+10@gmail.com]]>
              </value>
            </param>
            <param index="1">
              <value>
                <![CDATA[Dhanesh@123]]>
              </value>
            </param>
          </params>
          <exception class="org.openqa.selenium.NoSuchElementException">
            <message>
              <![CDATA[Cannot locate an element using xpath=//a[text()=' Login | Register']/b[text()='Store :']
For documentation on this error, please visit: https://www.seleniumhq.org/exceptions/no_such_element.html
Build info: version: '3.141.59', revision: 'e82be7d358', time: '2018-11-14T08:17:03'
System info: host: 'sunny-Lenovo-ideapad-330S-14IKB-U', ip: '127.0.1.1', os.name: 'Linux', os.arch: 'amd64', os.version: '5.3.0-40-generic', java.version: '1.8.0_242'
Driver info: driver.version: RemoteWebDriver]]>
            </message>
            <full-stacktrace>
              <![CDATA[org.openqa.selenium.NoSuchElementException: Cannot locate an element using xpath=//a[text()=' Login | Register']/b[text()='Store :']
For documentation on this error, please visit: https://www.seleniumhq.org/exceptions/no_such_element.html
Build info: version: '3.141.59', revision: 'e82be7d358', time: '2018-11-14T08:17:03'
System info: host: 'sunny-Lenovo-ideapad-330S-14IKB-U', ip: '127.0.1.1', os.name: 'Linux', os.arch: 'amd64', os.version: '5.3.0-40-generic', java.version: '1.8.0_242'
Driver info: driver.version: RemoteWebDriver
at org.openqa.selenium.remote.RemoteWebDriver.findElement(RemoteWebDriver.java:327)
at org.openqa.selenium.remote.RemoteWebDriver.findElementByXPath(RemoteWebDriver.java:428)
at org.openqa.selenium.By$ByXPath.findElement(By.java:353)
at org.openqa.selenium.remote.RemoteWebDriver.findElement(RemoteWebDriver.java:315)
at org.openqa.selenium.support.pagefactory.DefaultElementLocator.findElement(DefaultElementLocator.java:69)
at org.openqa.selenium.support.pagefactory.internal.LocatingElementHandler.invoke(LocatingElementHandler.java:38)
at com.sun.proxy.$Proxy10.click(Unknown Source)
at io.couponplus.pageobjects.Login.storeLogin(Login.java:55)
at io.couponplus.scripts.testScript.AftrPurStr(testScript.java:48)
at sun.reflect.NativeMethodAccessorImpl.invoke0(Native Method)
at sun.reflect.NativeMethodAccessorImpl.invoke(NativeMethodAccessorImpl.java:62)
at sun.reflect.DelegatingMethodAccessorImpl.invoke(DelegatingMethodAccessorImpl.java:43)
at java.lang.reflect.Method.invoke(Method.java:498)
at org.testng.internal.MethodInvocationHelper.invokeMethod(MethodInvocationHelper.java:133)
at org.testng.internal.TestInvoker.invokeMethod(TestInvoker.java:584)
at org.testng.internal.TestInvoker.invokeTestMethod(TestInvoker.java:172)
at org.testng.internal.MethodRunner.runInSequence(MethodRunner.java:46)
at org.testng.internal.TestInvoker$MethodInvocationAgent.invoke(TestInvoker.java:804)
at org.testng.internal.TestInvoker.invokeTestMethods(TestInvoker.java:145)
at org.testng.internal.TestMethodWorker.invokeTestMethods(TestMethodWorker.java:146)
at org.testng.internal.TestMethodWorker.run(TestMethodWorker.java:128)
at java.util.ArrayList.forEach(ArrayList.java:1257)
at org.testng.TestRunner.privateRun(TestRunner.java:770)
at org.testng.TestRunner.run(TestRunner.java:591)
at org.testng.SuiteRunner.runTest(SuiteRunner.java:402)
at org.testng.SuiteRunner.runSequentially(SuiteRunner.java:396)
at org.testng.SuiteRunner.privateRun(SuiteRunner.java:355)
at org.testng.SuiteRunner.run(SuiteRunner.java:304)
at org.testng.SuiteRunnerWorker.runSuite(SuiteRunnerWorker.java:53)
at org.testng.SuiteRunnerWorker.run(SuiteRunnerWorker.java:96)
at org.testng.TestNG.runSuitesSequentially(TestNG.java:1180)
at org.testng.TestNG.runSuitesLocally(TestNG.java:1102)
at org.testng.TestNG.runSuites(TestNG.java:1032)
at org.testng.TestNG.run(TestNG.java:1000)
at org.testng.remote.AbstractRemoteTestNG.run(AbstractRemoteTestNG.java:115)
at org.testng.remote.RemoteTestNG.initAndRun(RemoteTestNG.java:251)
at org.testng.remote.RemoteTestNG.main(RemoteTestNG.java:77)
]]>
            </full-stacktrace>
          </exception> <!-- org.openqa.selenium.NoSuchElementException -->
          <reporter-output>
          </reporter-output>
        </test-method> <!-- AftrPurStr -->
        <test-method status="FAIL" signature="postConditions(org.testng.ITestResult)[pri:0, instance:io.couponplus.scripts.testScript@67205a84]" name="postConditions" is-config="true" duration-ms="112" started-at="2020-02-29T09:33:19 IST" finished-at="2020-02-29T09:33:19 IST">
          <params>
            <param index="0">
              <value>
                <![CDATA[[TestResult name=AftrPurStr status=FAILURE method=testScript.AftrPurStr(java.lang.String, java.lang.String)[pri:3, instance:io.couponplus.scripts.testScript@67205a84] output={null}]]]>
              </value>
            </param>
          </params>
          <exception class="org.openqa.selenium.NoSuchWindowException">
            <message>
              <![CDATA[no such window: target window already closed
from unknown error: web view not found
  (Session info: chrome=80.0.3987.122)
Build info: version: '3.141.59', revision: 'e82be7d358', time: '2018-11-14T08:17:03'
System info: host: 'sunny-Lenovo-ideapad-330S-14IKB-U', ip: '127.0.1.1', os.name: 'Linux', os.arch: 'amd64', os.version: '5.3.0-40-generic', java.version: '1.8.0_242'
Driver info: org.openqa.selenium.chrome.ChromeDriver
Capabilities {acceptInsecureCerts: false, browserName: chrome, browserVersion: 80.0.3987.122, chrome: {chromedriverVersion: 80.0.3987.106 (f68069574609..., userDataDir: /tmp/.com.google.Chrome.XgpwT1}, goog:chromeOptions: {debuggerAddress: localhost:45437}, javascriptEnabled: true, networkConnectionEnabled: false, pageLoadStrategy: normal, platform: LINUX, platformName: LINUX, proxy: Proxy(), setWindowRect: true, strictFileInteractability: false, timeouts: {implicit: 0, pageLoad: 300000, script: 30000}, unhandledPromptBehavior: dismiss and notify}
Session ID: 95319e465bb3b85b452422323e94cf5f]]>
            </message>
            <full-stacktrace>
              <![CDATA[org.openqa.selenium.NoSuchWindowException: no such window: target window already closed
from unknown error: web view not found
  (Session info: chrome=80.0.3987.122)
Build info: version: '3.141.59', revision: 'e82be7d358', time: '2018-11-14T08:17:03'
System info: host: 'sunny-Lenovo-ideapad-330S-14IKB-U', ip: '127.0.1.1', os.name: 'Linux', os.arch: 'amd64', os.version: '5.3.0-40-generic', java.version: '1.8.0_242'
Driver info: org.openqa.selenium.chrome.ChromeDriver
Capabilities {acceptInsecureCerts: false, browserName: chrome, browserVersion: 80.0.3987.122, chrome: {chromedriverVersion: 80.0.3987.106 (f68069574609..., userDataDir: /tmp/.com.google.Chrome.XgpwT1}, goog:chromeOptions: {debuggerAddress: localhost:45437}, javascriptEnabled: true, networkConnectionEnabled: false, pageLoadStrategy: normal, platform: LINUX, platformName: LINUX, proxy: Proxy(), setWindowRect: true, strictFileInteractability: false, timeouts: {implicit: 0, pageLoad: 300000, script: 30000}, unhandledPromptBehavior: dismiss and notify}
Session ID: 95319e465bb3b85b452422323e94cf5f
at sun.reflect.NativeConstructorAccessorImpl.newInstance0(Native Method)
at sun.reflect.NativeConstructorAccessorImpl.newInstance(NativeConstructorAccessorImpl.java:62)
at sun.reflect.DelegatingConstructorAccessorImpl.newInstance(DelegatingConstructorAccessorImpl.java:45)
at java.lang.reflect.Constructor.newInstance(Constructor.java:423)
at org.openqa.selenium.remote.http.W3CHttpResponseCodec.createException(W3CHttpResponseCodec.java:187)
at org.openqa.selenium.remote.http.W3CHttpResponseCodec.decode(W3CHttpResponseCodec.java:122)
at org.openqa.selenium.remote.http.W3CHttpResponseCodec.decode(W3CHttpResponseCodec.java:49)
at org.openqa.selenium.remote.HttpCommandExecutor.execute(HttpCommandExecutor.java:158)
at org.openqa.selenium.remote.service.DriverCommandExecutor.execute(DriverCommandExecutor.java:83)
at org.openqa.selenium.remote.RemoteWebDriver.execute(RemoteWebDriver.java:552)
at org.openqa.selenium.remote.RemoteWebDriver.execute(RemoteWebDriver.java:609)
at org.openqa.selenium.remote.RemoteWebDriver.getScreenshotAs(RemoteWebDriver.java:295)
at io.couponplus.generic.ScreenShotLib.takeScreenshot(ScreenShotLib.java:23)
at io.couponplus.generic.BaseLib.postConditions(BaseLib.java:74)
at sun.reflect.NativeMethodAccessorImpl.invoke0(Native Method)
at sun.reflect.NativeMethodAccessorImpl.invoke(NativeMethodAccessorImpl.java:62)
at sun.reflect.DelegatingMethodAccessorImpl.invoke(DelegatingMethodAccessorImpl.java:43)
at java.lang.reflect.Method.invoke(Method.java:498)
at org.testng.internal.MethodInvocationHelper.invokeMethod(MethodInvocationHelper.java:133)
at org.testng.internal.MethodInvocationHelper.invokeMethodConsideringTimeout(MethodInvocationHelper.java:62)
at org.testng.internal.ConfigInvoker.invokeConfigurationMethod(ConfigInvoker.java:340)
at org.testng.internal.ConfigInvoker.invokeConfigurations(ConfigInvoker.java:294)
at org.testng.internal.TestInvoker.runConfigMethods(TestInvoker.java:683)
at org.testng.internal.TestInvoker.runAfterGroupsConfigurations(TestInvoker.java:658)
at org.testng.internal.TestInvoker.invokeMethod(TestInvoker.java:642)
at org.testng.internal.TestInvoker.invokeTestMethod(TestInvoker.java:172)
at org.testng.internal.MethodRunner.runInSequence(MethodRunner.java:46)
at org.testng.internal.TestInvoker$MethodInvocationAgent.invoke(TestInvoker.java:804)
at org.testng.internal.TestInvoker.invokeTestMethods(TestInvoker.java:145)
at org.testng.internal.TestMethodWorker.invokeTestMethods(TestMethodWorker.java:146)
at org.testng.internal.TestMethodWorker.run(TestMethodWorker.java:128)
at java.util.ArrayList.forEach(ArrayList.java:1257)
at org.testng.TestRunner.privateRun(TestRunner.java:770)
at org.testng.TestRunner.run(TestRunner.java:591)
at org.testng.SuiteRunner.runTest(SuiteRunner.java:402)
at org.testng.SuiteRunner.runSequentially(SuiteRunner.java:396)
at org.testng.SuiteRunner.privateRun(SuiteRunner.java:355)
at org.testng.SuiteRunner.run(SuiteRunner.java:304)
at org.testng.SuiteRunnerWorker.runSuite(SuiteRunnerWorker.java:53)
at org.testng.SuiteRunnerWorker.run(SuiteRunnerWorker.java:96)
at org.testng.TestNG.runSuitesSequentially(TestNG.java:1180)
at org.testng.TestNG.runSuitesLocally(TestNG.java:1102)
at org.testng.TestNG.runSuites(TestNG.java:1032)
at org.testng.TestNG.run(TestNG.java:1000)
at org.testng.remote.AbstractRemoteTestNG.run(AbstractRemoteTestNG.java:115)
at org.testng.remote.RemoteTestNG.initAndRun(RemoteTestNG.java:251)
at org.testng.remote.RemoteTestNG.main(RemoteTestNG.java:77)
]]>
            </full-stacktrace>
          </exception> <!-- org.openqa.selenium.NoSuchWindowException -->
          <reporter-output>
            <line>
              <![CDATA[AftrPurStr script is failed:(]]>
            </line>
          </reporter-output>
        </test-method> <!-- postConditions -->
      </class> <!-- io.couponplus.scripts.testScript -->
    </test> <!-- Test -->
  </suite> <!-- Suite -->
</testng-results>
